Determining if the pthread_create exist failed with the following output:
Change Dir: /home/crazy/Desktop/catkin_ws/build/CMakeFiles/CMakeTmp

Run Build Command:/usr/bin/make "cmTryCompileExec261960201/fast"
make[1]: Entering directory `/home/crazy/Desktop/catkin_ws/build/CMakeFiles/CMakeTmp'
/usr/bin/make -f CMakeFiles/cmTryCompileExec261960201.dir/build.make CMakeFiles/cmTryCompileExec261960201.dir/build
make[2]: Entering directory `/home/crazy/Desktop/catkin_ws/build/CMakeFiles/CMakeTmp'
/usr/bin/cmake -E cmake_progress_report /home/crazy/Desktop/catkin_ws/build/CMakeFiles/CMakeTmp/CMakeFiles 1
Building C object CMakeFiles/cmTryCompileExec261960201.dir/CheckSymbolExists.c.o
/usr/bin/cc    -o CMakeFiles/cmTryCompileExec261960201.dir/CheckSymbolExists.c.o   -c /home/crazy/Desktop/catkin_ws/build/CMakeFiles/CMakeTmp/CheckSymbolExists.c
Linking C executable cmTryCompileExec261960201
/usr/bin/cmake -E cmake_link_script CMakeFiles/cmTryCompileExec261960201.dir/link.txt --verbose=1
/usr/bin/cc       CMakeFiles/cmTryCompileExec261960201.dir/CheckSymbolExists.c.o  -o cmTryCompileExec261960201 -rdynamic 
make[2]: Leaving directory `/home/crazy/Desktop/catkin_ws/build/CMakeFiles/CMakeTmp'
CMakeFiles/cmTryCompileExec261960201.dir/CheckSymbolExists.c.o: In function `main':
CheckSymbolExists.c:(.text+0x16): undefined reference to `pthread_create'
collect2: error: ld returned 1 exit status
make[2]: *** [cmTryCompileExec261960201] Error 1
make[1]: Leaving directory `/home/crazy/Desktop/catkin_ws/build/CMakeFiles/CMakeTmp'
make[1]: *** [cmTryCompileExec261960201/fast] Error 2

File /home/crazy/Desktop/catkin_ws/build/CMakeFiles/CMakeTmp/CheckSymbolExists.c:
/* */
#include <pthread.h>

int main(int argc, char** argv)
{
  (void)argv;
#ifndef pthread_create
  return ((int*)(&pthread_create))[argc];
#else
  (void)argc;
  return 0;
#endif
}

Determining if the function pthread_create exists in the pthreads failed with the following output:
Change Dir: /home/crazy/Desktop/catkin_ws/build/CMakeFiles/CMakeTmp

Run Build Command:/usr/bin/make "cmTryCompileExec758915626/fast"
make[1]: Entering directory `/home/crazy/Desktop/catkin_ws/build/CMakeFiles/CMakeTmp'
/usr/bin/make -f CMakeFiles/cmTryCompileExec758915626.dir/build.make CMakeFiles/cmTryCompileExec758915626.dir/build
make[2]: Entering directory `/home/crazy/Desktop/catkin_ws/build/CMakeFiles/CMakeTmp'
/usr/bin/cmake -E cmake_progress_report /home/crazy/Desktop/catkin_ws/build/CMakeFiles/CMakeTmp/CMakeFiles 1
Building C object CMakeFiles/cmTryCompileExec758915626.dir/CheckFunctionExists.c.o
/usr/bin/cc   -DCHECK_FUNCTION_EXISTS=pthread_create   -o CMakeFiles/cmTryCompileExec758915626.dir/CheckFunctionExists.c.o   -c /usr/share/cmake-2.8/Modules/CheckFunctionExists.c
Linking C executable cmTryCompileExec758915626
/usr/bin/cmake -E cmake_link_script CMakeFiles/cmTryCompileExec758915626.dir/link.txt --verbose=1
/usr/bin/cc   -DCHECK_FUNCTION_EXISTS=pthread_create    CMakeFiles/cmTryCompileExec758915626.dir/CheckFunctionExists.c.o  -o cmTryCompileExec758915626 -rdynamic -lpthreads 
/usr/bin/ld: cannot find -lpthreads
collect2: error: ld returned 1 exit status
make[2]: Leaving directory `/home/crazy/Desktop/catkin_ws/build/CMakeFiles/CMakeTmp'
make[1]: Leaving directory `/home/crazy/Desktop/catkin_ws/build/CMakeFiles/CMakeTmp'
make[2]: *** [cmTryCompileExec758915626] Error 1
make[1]: *** [cmTryCompileExec758915626/fast] Error 2


